Error: Cannot find module 'dotenv'
Require stack:
- /data/data/com.termux/files/home/KeystoneCreatorSuite/trinity/index.js
    at Module._resolveFilename (node:internal/modules/cjs/loader:1421:15)
    at Hook._require.Module.require (/data/data/com.termux/files/usr/lib/node_modules/pm2/node_modules/require-in-the-middle/index.js:81:25)
    at require (node:internal/modules/helpers:152:16)
    at Object.<anonymous> (/data/data/com.termux/files/home/KeystoneCreatorSuite/trinity/index.js:2:1)
    at Module._compile (node:internal/modules/cjs/loader:1761:14)
    at Module._extensions..js (node:internal/modules/cjs/loader:1893:10)
    at Module.load (node:internal/modules/cjs/loader:1481:32)
    at Module._load (node:internal/modules/cjs/loader:1300:12)
    at Object.<anonymous> (/data/data/com.termux/files/usr/lib/node_modules/pm2/lib/ProcessContainerFork.js:33:23)
    at Module._compile (node:internal/modules/cjs/loader:1761:14) {
  code: 'MODULE_NOT_FOUND',
  requireStack: [
    '/data/data/com.termux/files/home/KeystoneCreatorSuite/trinity/index.js'
  ]
}
Error: Cannot find module 'dotenv'
Require stack:
- /data/data/com.termux/files/home/KeystoneCreatorSuite/trinity/index.js
    at Module._resolveFilename (node:internal/modules/cjs/loader:1421:15)
    at Hook._require.Module.require (/data/data/com.termux/files/usr/lib/node_modules/pm2/node_modules/require-in-the-middle/index.js:81:25)
    at require (node:internal/modules/helpers:152:16)
    at Object.<anonymous> (/data/data/com.termux/files/home/KeystoneCreatorSuite/trinity/index.js:2:1)
    at Module._compile (node:internal/modules/cjs/loader:1761:14)
    at Module._extensions..js (node:internal/modules/cjs/loader:1893:10)
    at Module.load (node:internal/modules/cjs/loader:1481:32)
    at Module._load (node:internal/modules/cjs/loader:1300:12)
    at Object.<anonymous> (/data/data/com.termux/files/usr/lib/node_modules/pm2/lib/ProcessContainerFork.js:33:23)
    at Module._compile (node:internal/modules/cjs/loader:1761:14) {
  code: 'MODULE_NOT_FOUND',
  requireStack: [
    '/data/data/com.termux/files/home/KeystoneCreatorSuite/trinity/index.js'
  ]
}
Error: Cannot find module 'dotenv'
Require stack:
- /data/data/com.termux/files/home/KeystoneCreatorSuite/trinity/index.js
    at Module._resolveFilename (node:internal/modules/cjs/loader:1421:15)
    at Hook._require.Module.require (/data/data/com.termux/files/usr/lib/node_modules/pm2/node_modules/require-in-the-middle/index.js:81:25)
    at require (node:internal/modules/helpers:152:16)
    at Object.<anonymous> (/data/data/com.termux/files/home/KeystoneCreatorSuite/trinity/index.js:2:1)
    at Module._compile (node:internal/modules/cjs/loader:1761:14)
    at Module._extensions..js (node:internal/modules/cjs/loader:1893:10)
    at Module.load (node:internal/modules/cjs/loader:1481:32)
    at Module._load (node:internal/modules/cjs/loader:1300:12)
    at Object.<anonymous> (/data/data/com.termux/files/usr/lib/node_modules/pm2/lib/ProcessContainerFork.js:33:23)
    at Module._compile (node:internal/modules/cjs/loader:1761:14) {
  code: 'MODULE_NOT_FOUND',
  requireStack: [
    '/data/data/com.termux/files/home/KeystoneCreatorSuite/trinity/index.js'
  ]
}
Error: Cannot find module 'dotenv'
Require stack:
- /data/data/com.termux/files/home/KeystoneCreatorSuite/trinity/index.js
    at Module._resolveFilename (node:internal/modules/cjs/loader:1421:15)
    at Hook._require.Module.require (/data/data/com.termux/files/usr/lib/node_modules/pm2/node_modules/require-in-the-middle/index.js:81:25)
    at require (node:internal/modules/helpers:152:16)
    at Object.<anonymous> (/data/data/com.termux/files/home/KeystoneCreatorSuite/trinity/index.js:2:1)
    at Module._compile (node:internal/modules/cjs/loader:1761:14)
    at Module._extensions..js (node:internal/modules/cjs/loader:1893:10)
    at Module.load (node:internal/modules/cjs/loader:1481:32)
    at Module._load (node:internal/modules/cjs/loader:1300:12)
    at Object.<anonymous> (/data/data/com.termux/files/usr/lib/node_modules/pm2/lib/ProcessContainerFork.js:33:23)
    at Module._compile (node:internal/modules/cjs/loader:1761:14) {
  code: 'MODULE_NOT_FOUND',
  requireStack: [
    '/data/data/com.termux/files/home/KeystoneCreatorSuite/trinity/index.js'
  ]
}
Error: Cannot find module 'dotenv'
Require stack:
- /data/data/com.termux/files/home/KeystoneCreatorSuite/trinity/index.js
    at Module._resolveFilename (node:internal/modules/cjs/loader:1421:15)
    at Hook._require.Module.require (/data/data/com.termux/files/usr/lib/node_modules/pm2/node_modules/require-in-the-middle/index.js:81:25)
    at require (node:internal/modules/helpers:152:16)
    at Object.<anonymous> (/data/data/com.termux/files/home/KeystoneCreatorSuite/trinity/index.js:2:1)
    at Module._compile (node:internal/modules/cjs/loader:1761:14)
    at Module._extensions..js (node:internal/modules/cjs/loader:1893:10)
    at Module.load (node:internal/modules/cjs/loader:1481:32)
    at Module._load (node:internal/modules/cjs/loader:1300:12)
    at Object.<anonymous> (/data/data/com.termux/files/usr/lib/node_modules/pm2/lib/ProcessContainerFork.js:33:23)
    at Module._compile (node:internal/modules/cjs/loader:1761:14) {
  code: 'MODULE_NOT_FOUND',
  requireStack: [
    '/data/data/com.termux/files/home/KeystoneCreatorSuite/trinity/index.js'
  ]
}
Error: Cannot find module 'dotenv'
Require stack:
- /data/data/com.termux/files/home/KeystoneCreatorSuite/trinity/index.js
    at Module._resolveFilename (node:internal/modules/cjs/loader:1421:15)
    at Hook._require.Module.require (/data/data/com.termux/files/usr/lib/node_modules/pm2/node_modules/require-in-the-middle/index.js:81:25)
    at require (node:internal/modules/helpers:152:16)
    at Object.<anonymous> (/data/data/com.termux/files/home/KeystoneCreatorSuite/trinity/index.js:2:1)
    at Module._compile (node:internal/modules/cjs/loader:1761:14)
    at Module._extensions..js (node:internal/modules/cjs/loader:1893:10)
    at Module.load (node:internal/modules/cjs/loader:1481:32)
    at Module._load (node:internal/modules/cjs/loader:1300:12)
    at Object.<anonymous> (/data/data/com.termux/files/usr/lib/node_modules/pm2/lib/ProcessContainerFork.js:33:23)
    at Module._compile (node:internal/modules/cjs/loader:1761:14) {
  code: 'MODULE_NOT_FOUND',
  requireStack: [
    '/data/data/com.termux/files/home/KeystoneCreatorSuite/trinity/index.js'
  ]
}
Error: Cannot find module 'dotenv'
Require stack:
- /data/data/com.termux/files/home/KeystoneCreatorSuite/trinity/index.js
    at Module._resolveFilename (node:internal/modules/cjs/loader:1421:15)
    at Hook._require.Module.require (/data/data/com.termux/files/usr/lib/node_modules/pm2/node_modules/require-in-the-middle/index.js:81:25)
    at require (node:internal/modules/helpers:152:16)
    at Object.<anonymous> (/data/data/com.termux/files/home/KeystoneCreatorSuite/trinity/index.js:2:1)
    at Module._compile (node:internal/modules/cjs/loader:1761:14)
    at Module._extensions..js (node:internal/modules/cjs/loader:1893:10)
    at Module.load (node:internal/modules/cjs/loader:1481:32)
    at Module._load (node:internal/modules/cjs/loader:1300:12)
    at Object.<anonymous> (/data/data/com.termux/files/usr/lib/node_modules/pm2/lib/ProcessContainerFork.js:33:23)
    at Module._compile (node:internal/modules/cjs/loader:1761:14) {
  code: 'MODULE_NOT_FOUND',
  requireStack: [
    '/data/data/com.termux/files/home/KeystoneCreatorSuite/trinity/index.js'
  ]
}
Error: Cannot find module 'dotenv'
Require stack:
- /data/data/com.termux/files/home/KeystoneCreatorSuite/trinity/index.js
    at Module._resolveFilename (node:internal/modules/cjs/loader:1421:15)
    at Hook._require.Module.require (/data/data/com.termux/files/usr/lib/node_modules/pm2/node_modules/require-in-the-middle/index.js:81:25)
    at require (node:internal/modules/helpers:152:16)
    at Object.<anonymous> (/data/data/com.termux/files/home/KeystoneCreatorSuite/trinity/index.js:2:1)
    at Module._compile (node:internal/modules/cjs/loader:1761:14)
    at Module._extensions..js (node:internal/modules/cjs/loader:1893:10)
    at Module.load (node:internal/modules/cjs/loader:1481:32)
    at Module._load (node:internal/modules/cjs/loader:1300:12)
    at Object.<anonymous> (/data/data/com.termux/files/usr/lib/node_modules/pm2/lib/ProcessContainerFork.js:33:23)
    at Module._compile (node:internal/modules/cjs/loader:1761:14) {
  code: 'MODULE_NOT_FOUND',
  requireStack: [
    '/data/data/com.termux/files/home/KeystoneCreatorSuite/trinity/index.js'
  ]
}
Error: Cannot find module 'dotenv'
Require stack:
- /data/data/com.termux/files/home/KeystoneCreatorSuite/trinity/index.js
    at Module._resolveFilename (node:internal/modules/cjs/loader:1421:15)
    at Hook._require.Module.require (/data/data/com.termux/files/usr/lib/node_modules/pm2/node_modules/require-in-the-middle/index.js:81:25)
    at require (node:internal/modules/helpers:152:16)
    at Object.<anonymous> (/data/data/com.termux/files/home/KeystoneCreatorSuite/trinity/index.js:2:1)
    at Module._compile (node:internal/modules/cjs/loader:1761:14)
    at Module._extensions..js (node:internal/modules/cjs/loader:1893:10)
    at Module.load (node:internal/modules/cjs/loader:1481:32)
    at Module._load (node:internal/modules/cjs/loader:1300:12)
    at Object.<anonymous> (/data/data/com.termux/files/usr/lib/node_modules/pm2/lib/ProcessContainerFork.js:33:23)
    at Module._compile (node:internal/modules/cjs/loader:1761:14) {
  code: 'MODULE_NOT_FOUND',
  requireStack: [
    '/data/data/com.termux/files/home/KeystoneCreatorSuite/trinity/index.js'
  ]
}
Error: Cannot find module 'dotenv'
Require stack:
- /data/data/com.termux/files/home/KeystoneCreatorSuite/trinity/index.js
    at Module._resolveFilename (node:internal/modules/cjs/loader:1421:15)
    at Hook._require.Module.require (/data/data/com.termux/files/usr/lib/node_modules/pm2/node_modules/require-in-the-middle/index.js:81:25)
    at require (node:internal/modules/helpers:152:16)
    at Object.<anonymous> (/data/data/com.termux/files/home/KeystoneCreatorSuite/trinity/index.js:2:1)
    at Module._compile (node:internal/modules/cjs/loader:1761:14)
    at Module._extensions..js (node:internal/modules/cjs/loader:1893:10)
    at Module.load (node:internal/modules/cjs/loader:1481:32)
    at Module._load (node:internal/modules/cjs/loader:1300:12)
    at Object.<anonymous> (/data/data/com.termux/files/usr/lib/node_modules/pm2/lib/ProcessContainerFork.js:33:23)
    at Module._compile (node:internal/modules/cjs/loader:1761:14) {
  code: 'MODULE_NOT_FOUND',
  requireStack: [
    '/data/data/com.termux/files/home/KeystoneCreatorSuite/trinity/index.js'
  ]
}
Error: Cannot find module 'dotenv'
Require stack:
- /data/data/com.termux/files/home/KeystoneCreatorSuite/trinity/index.js
    at Module._resolveFilename (node:internal/modules/cjs/loader:1421:15)
    at Hook._require.Module.require (/data/data/com.termux/files/usr/lib/node_modules/pm2/node_modules/require-in-the-middle/index.js:81:25)
    at require (node:internal/modules/helpers:152:16)
    at Object.<anonymous> (/data/data/com.termux/files/home/KeystoneCreatorSuite/trinity/index.js:2:1)
    at Module._compile (node:internal/modules/cjs/loader:1761:14)
    at Module._extensions..js (node:internal/modules/cjs/loader:1893:10)
    at Module.load (node:internal/modules/cjs/loader:1481:32)
    at Module._load (node:internal/modules/cjs/loader:1300:12)
    at Object.<anonymous> (/data/data/com.termux/files/usr/lib/node_modules/pm2/lib/ProcessContainerFork.js:33:23)
    at Module._compile (node:internal/modules/cjs/loader:1761:14) {
  code: 'MODULE_NOT_FOUND',
  requireStack: [
    '/data/data/com.termux/files/home/KeystoneCreatorSuite/trinity/index.js'
  ]
}
Error: Cannot find module 'dotenv'
Require stack:
- /data/data/com.termux/files/home/KeystoneCreatorSuite/trinity/index.js
    at Module._resolveFilename (node:internal/modules/cjs/loader:1421:15)
    at Hook._require.Module.require (/data/data/com.termux/files/usr/lib/node_modules/pm2/node_modules/require-in-the-middle/index.js:81:25)
    at require (node:internal/modules/helpers:152:16)
    at Object.<anonymous> (/data/data/com.termux/files/home/KeystoneCreatorSuite/trinity/index.js:2:1)
    at Module._compile (node:internal/modules/cjs/loader:1761:14)
    at Module._extensions..js (node:internal/modules/cjs/loader:1893:10)
    at Module.load (node:internal/modules/cjs/loader:1481:32)
    at Module._load (node:internal/modules/cjs/loader:1300:12)
    at Object.<anonymous> (/data/data/com.termux/files/usr/lib/node_modules/pm2/lib/ProcessContainerFork.js:33:23)
    at Module._compile (node:internal/modules/cjs/loader:1761:14) {
  code: 'MODULE_NOT_FOUND',
  requireStack: [
    '/data/data/com.termux/files/home/KeystoneCreatorSuite/trinity/index.js'
  ]
}
Error: Cannot find module 'dotenv'
Require stack:
- /data/data/com.termux/files/home/KeystoneCreatorSuite/trinity/index.js
    at Module._resolveFilename (node:internal/modules/cjs/loader:1421:15)
    at Hook._require.Module.require (/data/data/com.termux/files/usr/lib/node_modules/pm2/node_modules/require-in-the-middle/index.js:81:25)
    at require (node:internal/modules/helpers:152:16)
    at Object.<anonymous> (/data/data/com.termux/files/home/KeystoneCreatorSuite/trinity/index.js:2:1)
    at Module._compile (node:internal/modules/cjs/loader:1761:14)
    at Module._extensions..js (node:internal/modules/cjs/loader:1893:10)
    at Module.load (node:internal/modules/cjs/loader:1481:32)
    at Module._load (node:internal/modules/cjs/loader:1300:12)
    at Object.<anonymous> (/data/data/com.termux/files/usr/lib/node_modules/pm2/lib/ProcessContainerFork.js:33:23)
    at Module._compile (node:internal/modules/cjs/loader:1761:14) {
  code: 'MODULE_NOT_FOUND',
  requireStack: [
    '/data/data/com.termux/files/home/KeystoneCreatorSuite/trinity/index.js'
  ]
}
Error: Cannot find module 'dotenv'
Require stack:
- /data/data/com.termux/files/home/KeystoneCreatorSuite/trinity/index.js
    at Module._resolveFilename (node:internal/modules/cjs/loader:1421:15)
    at Hook._require.Module.require (/data/data/com.termux/files/usr/lib/node_modules/pm2/node_modules/require-in-the-middle/index.js:81:25)
    at require (node:internal/modules/helpers:152:16)
    at Object.<anonymous> (/data/data/com.termux/files/home/KeystoneCreatorSuite/trinity/index.js:2:1)
    at Module._compile (node:internal/modules/cjs/loader:1761:14)
    at Module._extensions..js (node:internal/modules/cjs/loader:1893:10)
    at Module.load (node:internal/modules/cjs/loader:1481:32)
    at Module._load (node:internal/modules/cjs/loader:1300:12)
    at Object.<anonymous> (/data/data/com.termux/files/usr/lib/node_modules/pm2/lib/ProcessContainerFork.js:33:23)
    at Module._compile (node:internal/modules/cjs/loader:1761:14) {
  code: 'MODULE_NOT_FOUND',
  requireStack: [
    '/data/data/com.termux/files/home/KeystoneCreatorSuite/trinity/index.js'
  ]
}
Error: Cannot find module 'dotenv'
Require stack:
- /data/data/com.termux/files/home/KeystoneCreatorSuite/trinity/index.js
    at Module._resolveFilename (node:internal/modules/cjs/loader:1421:15)
    at Hook._require.Module.require (/data/data/com.termux/files/usr/lib/node_modules/pm2/node_modules/require-in-the-middle/index.js:81:25)
    at require (node:internal/modules/helpers:152:16)
    at Object.<anonymous> (/data/data/com.termux/files/home/KeystoneCreatorSuite/trinity/index.js:2:1)
    at Module._compile (node:internal/modules/cjs/loader:1761:14)
    at Module._extensions..js (node:internal/modules/cjs/loader:1893:10)
    at Module.load (node:internal/modules/cjs/loader:1481:32)
    at Module._load (node:internal/modules/cjs/loader:1300:12)
    at Object.<anonymous> (/data/data/com.termux/files/usr/lib/node_modules/pm2/lib/ProcessContainerFork.js:33:23)
    at Module._compile (node:internal/modules/cjs/loader:1761:14) {
  code: 'MODULE_NOT_FOUND',
  requireStack: [
    '/data/data/com.termux/files/home/KeystoneCreatorSuite/trinity/index.js'
  ]
}
Error: Cannot find module 'dotenv'
Require stack:
- /data/data/com.termux/files/home/KeystoneCreatorSuite/trinity/index.js
    at Module._resolveFilename (node:internal/modules/cjs/loader:1421:15)
    at Hook._require.Module.require (/data/data/com.termux/files/usr/lib/node_modules/pm2/node_modules/require-in-the-middle/index.js:81:25)
    at require (node:internal/modules/helpers:152:16)
    at Object.<anonymous> (/data/data/com.termux/files/home/KeystoneCreatorSuite/trinity/index.js:2:1)
    at Module._compile (node:internal/modules/cjs/loader:1761:14)
    at Module._extensions..js (node:internal/modules/cjs/loader:1893:10)
    at Module.load (node:internal/modules/cjs/loader:1481:32)
    at Module._load (node:internal/modules/cjs/loader:1300:12)
    at Object.<anonymous> (/data/data/com.termux/files/usr/lib/node_modules/pm2/lib/ProcessContainerFork.js:33:23)
    at Module._compile (node:internal/modules/cjs/loader:1761:14) {
  code: 'MODULE_NOT_FOUND',
  requireStack: [
    '/data/data/com.termux/files/home/KeystoneCreatorSuite/trinity/index.js'
  ]
}
