
=== TRINITY PULSE MONITOR ===
Timestamp: 2025-11-22T11:25:38.135303+00:00
Sign Key: UNSIGNED... verified

Cole       → ❌ OFFLINE
Clay       → ❌ OFFLINE
ShadowX    → ❌ OFFLINE
CyberCop   → ❌ OFFLINE
Ledger     → ✅ ONLINE
Store      → ❌ OFFLINE
Ashleyana  → ❌ OFFLINE

Ledger Integrity → 1 entries (1 invalid)
==============================


=== TRINITY PULSE MONITOR ===
Timestamp: 2025-11-22T11:26:08.172506+00:00
Sign Key: UNSIGNED... verified

Cole       → ❌ OFFLINE
Clay       → ❌ OFFLINE
ShadowX    → ❌ OFFLINE
CyberCop   → ❌ OFFLINE
Ledger     → ✅ ONLINE
Store      → ❌ OFFLINE
Ashleyana  → ❌ OFFLINE

Ledger Integrity → 1 entries (1 invalid)
==============================


=== TRINITY PULSE MONITOR ===
Timestamp: 2025-11-22T11:26:38.207690+00:00
Sign Key: UNSIGNED... verified

Cole       → ❌ OFFLINE
Clay       → ❌ OFFLINE
ShadowX    → ❌ OFFLINE
CyberCop   → ❌ OFFLINE
Ledger     → ✅ ONLINE
Store      → ❌ OFFLINE
Ashleyana  → ❌ OFFLINE

Ledger Integrity → 1 entries (1 invalid)
==============================


=== TRINITY PULSE MONITOR ===
Timestamp: 2025-11-22T11:27:08.243878+00:00
Sign Key: UNSIGNED... verified

Cole       → ❌ OFFLINE
Clay       → ❌ OFFLINE
ShadowX    → ❌ OFFLINE
CyberCop   → ❌ OFFLINE
Ledger     → ✅ ONLINE
Store      → ❌ OFFLINE
Ashleyana  → ❌ OFFLINE

Ledger Integrity → 1 entries (1 invalid)
==============================


=== TRINITY PULSE MONITOR ===
Timestamp: 2025-11-22T11:27:38.281127+00:00
Sign Key: UNSIGNED... verified

Cole       → ❌ OFFLINE
Clay       → ❌ OFFLINE
ShadowX    → ❌ OFFLINE
CyberCop   → ❌ OFFLINE
Ledger     → ✅ ONLINE
Store      → ❌ OFFLINE
Ashleyana  → ❌ OFFLINE

Ledger Integrity → 1 entries (1 invalid)
==============================


=== TRINITY PULSE MONITOR ===
Timestamp: 2025-11-22T11:28:08.316987+00:00
Sign Key: UNSIGNED... verified

Cole       → ❌ OFFLINE
Clay       → ❌ OFFLINE
ShadowX    → ❌ OFFLINE
CyberCop   → ❌ OFFLINE
Ledger     → ✅ ONLINE
Store      → ❌ OFFLINE
Ashleyana  → ❌ OFFLINE

Ledger Integrity → 1 entries (1 invalid)
==============================


=== TRINITY PULSE MONITOR ===
Timestamp: 2025-11-22T11:28:38.352230+00:00
Sign Key: UNSIGNED... verified

Cole       → ❌ OFFLINE
Clay       → ❌ OFFLINE
ShadowX    → ❌ OFFLINE
CyberCop   → ❌ OFFLINE
Ledger     → ✅ ONLINE
Store      → ❌ OFFLINE
Ashleyana  → ❌ OFFLINE

Ledger Integrity → 1 entries (1 invalid)
==============================


=== TRINITY PULSE MONITOR ===
Timestamp: 2025-11-22T11:29:08.389600+00:00
Sign Key: UNSIGNED... verified

Cole       → ❌ OFFLINE
Clay       → ❌ OFFLINE
ShadowX    → ❌ OFFLINE
CyberCop   → ❌ OFFLINE
Ledger     → ✅ ONLINE
Store      → ❌ OFFLINE
Ashleyana  → ❌ OFFLINE

Ledger Integrity → 1 entries (1 invalid)
==============================


=== TRINITY PULSE MONITOR ===
Timestamp: 2025-11-22T11:29:38.437594+00:00
Sign Key: UNSIGNED... verified

Cole       → ❌ OFFLINE
Clay       → ❌ OFFLINE
ShadowX    → ❌ OFFLINE
CyberCop   → ❌ OFFLINE
Ledger     → ✅ ONLINE
Store      → ❌ OFFLINE
Ashleyana  → ❌ OFFLINE

Ledger Integrity → 1 entries (1 invalid)
==============================


=== TRINITY PULSE MONITOR ===
Timestamp: 2025-11-22T11:30:08.474249+00:00
Sign Key: UNSIGNED... verified

Cole       → ❌ OFFLINE
Clay       → ❌ OFFLINE
ShadowX    → ❌ OFFLINE
CyberCop   → ❌ OFFLINE
Ledger     → ✅ ONLINE
Store      → ❌ OFFLINE
Ashleyana  → ❌ OFFLINE

Ledger Integrity → 1 entries (1 invalid)
==============================


=== TRINITY PULSE MONITOR ===
Timestamp: 2025-11-22T11:30:38.510576+00:00
Sign Key: UNSIGNED... verified

Cole       → ❌ OFFLINE
Clay       → ❌ OFFLINE
ShadowX    → ❌ OFFLINE
CyberCop   → ❌ OFFLINE
Ledger     → ✅ ONLINE
Store      → ❌ OFFLINE
Ashleyana  → ❌ OFFLINE

Ledger Integrity → 1 entries (1 invalid)
==============================


=== TRINITY PULSE MONITOR ===
Timestamp: 2025-11-22T11:31:08.544061+00:00
Sign Key: UNSIGNED... verified

Cole       → ❌ OFFLINE
Clay       → ❌ OFFLINE
ShadowX    → ❌ OFFLINE
CyberCop   → ❌ OFFLINE
Ledger     → ✅ ONLINE
Store      → ❌ OFFLINE
Ashleyana  → ❌ OFFLINE

Ledger Integrity → 1 entries (1 invalid)
==============================


=== TRINITY PULSE MONITOR ===
Timestamp: 2025-11-22T11:31:38.581770+00:00
Sign Key: UNSIGNED... verified

Cole       → ❌ OFFLINE
Clay       → ❌ OFFLINE
ShadowX    → ❌ OFFLINE
CyberCop   → ❌ OFFLINE
Ledger     → ✅ ONLINE
Store      → ❌ OFFLINE
Ashleyana  → ❌ OFFLINE

Ledger Integrity → 1 entries (1 invalid)
==============================


=== TRINITY PULSE MONITOR ===
Timestamp: 2025-11-22T11:32:08.619228+00:00
Sign Key: UNSIGNED... verified

Cole       → ❌ OFFLINE
Clay       → ❌ OFFLINE
ShadowX    → ❌ OFFLINE
CyberCop   → ❌ OFFLINE
Ledger     → ✅ ONLINE
Store      → ❌ OFFLINE
Ashleyana  → ❌ OFFLINE

Ledger Integrity → 1 entries (1 invalid)
==============================


=== TRINITY PULSE MONITOR ===
Timestamp: 2025-11-22T11:32:38.658872+00:00
Sign Key: UNSIGNED... verified

Cole       → ❌ OFFLINE
Clay       → ❌ OFFLINE
ShadowX    → ❌ OFFLINE
CyberCop   → ❌ OFFLINE
Ledger     → ✅ ONLINE
Store      → ❌ OFFLINE
Ashleyana  → ❌ OFFLINE

Ledger Integrity → 1 entries (1 invalid)
==============================


=== TRINITY PULSE MONITOR ===
Timestamp: 2025-11-22T11:33:08.693934+00:00
Sign Key: UNSIGNED... verified

Cole       → ❌ OFFLINE
Clay       → ❌ OFFLINE
ShadowX    → ❌ OFFLINE
CyberCop   → ❌ OFFLINE
Ledger     → ✅ ONLINE
Store      → ❌ OFFLINE
Ashleyana  → ❌ OFFLINE

Ledger Integrity → 1 entries (1 invalid)
==============================


=== TRINITY PULSE MONITOR ===
Timestamp: 2025-11-22T11:33:38.726828+00:00
Sign Key: UNSIGNED... verified

Cole       → ❌ OFFLINE
Clay       → ❌ OFFLINE
ShadowX    → ❌ OFFLINE
CyberCop   → ❌ OFFLINE
Ledger     → ✅ ONLINE
Store      → ❌ OFFLINE
Ashleyana  → ❌ OFFLINE

Ledger Integrity → 1 entries (1 invalid)
==============================


=== TRINITY PULSE MONITOR ===
Timestamp: 2025-11-22T11:34:08.758602+00:00
Sign Key: UNSIGNED... verified

Cole       → ❌ OFFLINE
Clay       → ❌ OFFLINE
ShadowX    → ❌ OFFLINE
CyberCop   → ❌ OFFLINE
Ledger     → ✅ ONLINE
Store      → ❌ OFFLINE
Ashleyana  → ❌ OFFLINE

Ledger Integrity → 1 entries (1 invalid)
==============================


=== TRINITY PULSE MONITOR ===
Timestamp: 2025-11-22T11:34:38.810338+00:00
Sign Key: UNSIGNED... verified

Cole       → ❌ OFFLINE
Clay       → ❌ OFFLINE
ShadowX    → ❌ OFFLINE
CyberCop   → ❌ OFFLINE
Ledger     → ✅ ONLINE
Store      → ❌ OFFLINE
Ashleyana  → ❌ OFFLINE

Ledger Integrity → 1 entries (1 invalid)
==============================


=== TRINITY PULSE MONITOR ===
Timestamp: 2025-11-22T11:35:08.839936+00:00
Sign Key: UNSIGNED... verified

Cole       → ❌ OFFLINE
Clay       → ❌ OFFLINE
ShadowX    → ❌ OFFLINE
CyberCop   → ❌ OFFLINE
Ledger     → ✅ ONLINE
Store      → ❌ OFFLINE
Ashleyana  → ❌ OFFLINE

Ledger Integrity → 1 entries (1 invalid)
==============================


=== TRINITY PULSE MONITOR ===
Timestamp: 2025-11-22T11:35:38.876936+00:00
Sign Key: UNSIGNED... verified

Cole       → ❌ OFFLINE
Clay       → ❌ OFFLINE
ShadowX    → ❌ OFFLINE
CyberCop   → ❌ OFFLINE
Ledger     → ✅ ONLINE
Store      → ❌ OFFLINE
Ashleyana  → ❌ OFFLINE

Ledger Integrity → 1 entries (1 invalid)
==============================


=== TRINITY PULSE MONITOR ===
Timestamp: 2025-11-22T11:36:08.921682+00:00
Sign Key: UNSIGNED... verified

Cole       → ❌ OFFLINE
Clay       → ❌ OFFLINE
ShadowX    → ❌ OFFLINE
CyberCop   → ❌ OFFLINE
Ledger     → ✅ ONLINE
Store      → ❌ OFFLINE
Ashleyana  → ❌ OFFLINE

Ledger Integrity → 1 entries (1 invalid)
==============================


=== TRINITY PULSE MONITOR ===