2025-12-10 17:42:02,412 [INFO] Initializing ReeseMirrorAI...
2025-12-10 17:42:02,412 [INFO] Starting main loop...
2025-12-10 17:43:59,867 [INFO] Manual override triggered. Shutting down...
2025-12-10 17:46:04,703 [INFO] Initializing ReeseMirrorAI...
2025-12-10 17:46:04,704 [INFO] Starting main loop...
2025-12-10 17:48:52,209 [INFO] Manual override triggered. Shutting down...
2025-12-10 17:49:08,475 [INFO] Initializing ReeseMirrorAI...
2025-12-10 17:49:08,475 [INFO] Loading model...
2025-12-10 17:49:08,476 [INFO] Loading memory database...
2025-12-10 17:49:08,476 [INFO] Loading API keys...
2025-12-10 17:49:08,476 [INFO] Initializing Veritas voice module...
2025-12-10 17:49:08,476 [INFO] ReeseMirrorAI initialization complete.
2025-12-10 17:49:08,476 [INFO] Starting main loop...
2025-12-10 17:49:21,981 [INFO] Manual override triggered. Shutting down...
2025-12-10 17:49:21,984 [INFO] ReeseMirrorAI has stopped safely.
2025-12-10 17:53:18,984 [INFO] Initializing ReeseMirrorAI...
2025-12-10 17:53:18,987 [INFO] ReeseMirrorAI initialization complete.
2025-12-10 17:53:18,987 [INFO] Starting main loop...
2025-12-10 17:53:29,815 [INFO] Manual override triggered. Shutting down...
2025-12-10 17:53:29,815 [INFO] ReeseMirrorAI has stopped safely.
2025-12-10 17:57:26,023 [INFO] Initializing ReeseMirrorAI (combined stub)...
2025-12-10 17:57:26,026 [INFO] Model loaded from core/model/
2025-12-10 17:57:26,026 [INFO] Tokenizer loaded from core/tokenizer/
2025-12-10 17:57:26,027 [INFO] Memory DB loaded from core/memory.db
2025-12-10 17:57:26,027 [INFO] API keys loaded from config/api_keys.json
2025-12-10 17:57:26,027 [INFO] Settings loaded from config/settings.json
2025-12-10 17:57:26,027 [INFO] Orchestrator initialized
2025-12-10 17:57:26,027 [INFO] Executor initialized
2025-12-10 17:57:26,027 [INFO] File watcher initialized
2025-12-10 17:57:26,027 [INFO] Web fetcher initialized
2025-12-10 17:57:26,027 [INFO] Event listener initialized
2025-12-10 17:57:26,027 [INFO] ReeseMirrorAI combined stub initialization complete.
2025-12-10 17:57:26,027 [INFO] Starting main loop...
2025-12-10 17:57:26,028 [INFO] Cycle executed: Analyzing data
2025-12-10 17:57:27,028 [INFO] Cycle executed: Analyzing data
2025-12-10 17:57:28,028 [INFO] Cycle executed: Analyzing data
2025-12-10 17:57:28,029 [INFO] Veritas says: Task 'Analyzing data' executed successfully
2025-12-10 17:57:28,029 [INFO] Memory DB saved
2025-12-10 17:57:29,030 [INFO] Cycle executed: Running plugins
2025-12-10 17:57:30,030 [INFO] Cycle executed: Fetching files
2025-12-10 17:57:31,031 [INFO] Cycle executed: Running plugins
2025-12-10 17:57:32,032 [INFO] Cycle executed: Analyzing data
2025-12-10 17:57:33,032 [INFO] Cycle executed: Running plugins
2025-12-10 17:57:34,033 [INFO] Cycle executed: Fetching files
2025-12-10 17:57:34,033 [INFO] Veritas says: Task 'Fetching files' executed successfully
2025-12-10 17:57:35,034 [INFO] Cycle executed: Running plugins
2025-12-10 17:57:36,034 [INFO] Cycle executed: Fetching files
2025-12-10 17:57:37,034 [INFO] Cycle executed: Running plugins
2025-12-10 17:57:37,039 [INFO] Memory DB saved
2025-12-10 17:57:38,039 [INFO] Cycle executed: Checking APIs
2025-12-10 17:57:38,040 [INFO] Memory DB saved
2025-12-10 17:57:39,040 [INFO] Cycle executed: Analyzing data
2025-12-10 17:57:40,041 [INFO] Cycle executed: Running plugins
2025-12-10 17:57:41,042 [INFO] Cycle executed: Analyzing data
2025-12-10 17:57:41,042 [INFO] Veritas says: Task 'Analyzing data' executed successfully
2025-12-10 17:57:42,042 [INFO] Cycle executed: Analyzing data
2025-12-10 17:57:43,043 [INFO] Cycle executed: Fetching files
2025-12-10 17:57:44,043 [INFO] Cycle executed: Fetching files
2025-12-10 17:57:45,044 [INFO] Cycle executed: Fetching files
2025-12-10 17:57:45,044 [INFO] Veritas says: Task 'Fetching files' executed successfully
2025-12-10 17:57:46,045 [INFO] Cycle executed: Fetching files
2025-12-10 17:57:46,045 [INFO] Veritas says: Task 'Fetching files' executed successfully
2025-12-10 17:57:47,046 [INFO] Cycle executed: Analyzing data
2025-12-10 17:57:48,047 [INFO] Cycle executed: Running plugins
2025-12-10 17:57:48,048 [INFO] Veritas says: Task 'Running plugins' executed successfully
2025-12-10 17:57:49,048 [INFO] Cycle executed: Analyzing data
2025-12-10 17:57:50,049 [INFO] Cycle executed: Checking APIs
2025-12-10 17:57:51,049 [INFO] Cycle executed: Checking APIs
2025-12-10 17:57:52,050 [INFO] Cycle executed: Fetching files
2025-12-10 17:57:53,050 [INFO] Cycle executed: Analyzing data
2025-12-10 17:57:54,051 [INFO] Cycle executed: Analyzing data
2025-12-10 17:57:55,051 [INFO] Cycle executed: Running plugins
2025-12-10 17:57:55,052 [INFO] Veritas says: Task 'Running plugins' executed successfully
2025-12-10 17:57:56,052 [INFO] Cycle executed: Checking APIs
2025-12-10 17:57:56,052 [INFO] Veritas says: Task 'Checking APIs' executed successfully
2025-12-10 17:57:57,053 [INFO] Cycle executed: Checking APIs
2025-12-10 17:57:58,053 [INFO] Cycle executed: Checking APIs
2025-12-10 17:57:58,053 [INFO] Veritas says: Task 'Checking APIs' executed successfully
2025-12-10 17:57:59,054 [INFO] Cycle executed: Running plugins
2025-12-10 17:58:00,054 [INFO] Cycle executed: Fetching files
2025-12-10 17:58:00,054 [INFO] Veritas says: Task 'Fetching files' executed successfully
2025-12-10 17:58:01,055 [INFO] Cycle executed: Fetching files
2025-12-10 17:58:01,055 [INFO] Veritas says: Task 'Fetching files' executed successfully
2025-12-10 17:58:02,056 [INFO] Cycle executed: Checking APIs
2025-12-10 17:58:02,056 [INFO] Veritas says: Task 'Checking APIs' executed successfully
2025-12-10 17:58:03,056 [INFO] Cycle executed: Analyzing data
2025-12-10 17:58:04,057 [INFO] Cycle executed: Running plugins
2025-12-10 17:58:05,057 [INFO] Cycle executed: Fetching files
2025-12-10 17:58:05,057 [INFO] Veritas says: Task 'Fetching files' executed successfully
2025-12-10 17:58:06,058 [INFO] Cycle executed: Analyzing data
2025-12-10 17:58:06,058 [INFO] Veritas says: Task 'Analyzing data' executed successfully
2025-12-10 17:58:07,059 [INFO] Cycle executed: Fetching files
2025-12-10 17:58:08,059 [INFO] Cycle executed: Fetching files
2025-12-10 17:58:09,060 [INFO] Cycle executed: Analyzing data
2025-12-10 17:58:09,061 [INFO] Veritas says: Task 'Analyzing data' executed successfully
2025-12-10 17:58:10,061 [INFO] Cycle executed: Checking APIs
2025-12-10 17:58:11,062 [INFO] Cycle executed: Fetching files
2025-12-10 17:58:12,062 [INFO] Cycle executed: Analyzing data
2025-12-10 17:58:12,063 [INFO] Veritas says: Task 'Analyzing data' executed successfully
2025-12-10 17:58:13,064 [INFO] Cycle executed: Checking APIs
2025-12-10 17:58:13,064 [INFO] Veritas says: Task 'Checking APIs' executed successfully
2025-12-10 17:58:14,064 [INFO] Cycle executed: Checking APIs
2025-12-10 17:58:15,065 [INFO] Cycle executed: Checking APIs
2025-12-10 17:58:16,067 [INFO] Cycle executed: Analyzing data
2025-12-10 17:58:17,068 [INFO] Cycle executed: Analyzing data
2025-12-10 17:58:17,069 [INFO] Memory DB saved
2025-12-10 17:58:18,071 [INFO] Cycle executed: Analyzing data
2025-12-10 17:58:19,072 [INFO] Cycle executed: Running plugins
2025-12-10 17:58:20,074 [INFO] Cycle executed: Fetching files
2025-12-10 17:58:21,076 [INFO] Cycle executed: Fetching files
2025-12-10 17:58:21,077 [INFO] Veritas says: Task 'Fetching files' executed successfully
2025-12-10 17:58:22,079 [INFO] Cycle executed: Running plugins
2025-12-10 17:58:23,080 [INFO] Cycle executed: Analyzing data
2025-12-10 17:58:23,093 [INFO] Memory DB saved
2025-12-10 17:58:24,094 [INFO] Cycle executed: Analyzing data
2025-12-10 17:58:25,095 [INFO] Cycle executed: Checking APIs
2025-12-10 17:58:26,096 [INFO] Cycle executed: Fetching files
2025-12-10 17:58:27,097 [INFO] Cycle executed: Running plugins
2025-12-10 17:58:28,098 [INFO] Cycle executed: Checking APIs
2025-12-10 17:58:29,099 [INFO] Cycle executed: Fetching files
2025-12-10 17:58:30,101 [INFO] Cycle executed: Analyzing data
2025-12-10 17:58:31,103 [INFO] Cycle executed: Checking APIs
2025-12-10 17:58:32,105 [INFO] Cycle executed: Checking APIs
2025-12-10 17:58:32,107 [INFO] Memory DB saved
2025-12-10 17:58:33,108 [INFO] Cycle executed: Analyzing data
2025-12-10 17:58:33,110 [INFO] Veritas says: Task 'Analyzing data' executed successfully
2025-12-10 17:58:34,111 [INFO] Cycle executed: Analyzing data
2025-12-10 17:58:35,113 [INFO] Cycle executed: Analyzing data
2025-12-10 17:58:36,115 [INFO] Cycle executed: Fetching files
2025-12-10 17:58:37,117 [INFO] Cycle executed: Fetching files
2025-12-10 17:58:37,119 [INFO] Veritas says: Task 'Fetching files' executed successfully
2025-12-10 17:58:38,120 [INFO] Cycle executed: Running plugins
2025-12-10 17:58:39,120 [INFO] Cycle executed: Running plugins
2025-12-10 17:58:40,121 [INFO] Cycle executed: Checking APIs
2025-12-10 17:58:40,122 [INFO] Veritas says: Task 'Checking APIs' executed successfully
2025-12-10 17:58:41,123 [INFO] Cycle executed: Fetching files
2025-12-10 17:58:41,124 [INFO] Veritas says: Task 'Fetching files' executed successfully
2025-12-10 17:58:41,125 [INFO] Memory DB saved
2025-12-10 17:58:42,126 [INFO] Cycle executed: Analyzing data
2025-12-10 17:58:43,127 [INFO] Cycle executed: Running plugins
2025-12-10 17:58:43,129 [INFO] Memory DB saved
2025-12-10 17:58:44,131 [INFO] Cycle executed: Checking APIs
2025-12-10 17:58:45,132 [INFO] Cycle executed: Running plugins
2025-12-10 17:58:46,134 [INFO] Cycle executed: Running plugins
2025-12-10 17:58:46,136 [INFO] Memory DB saved
2025-12-10 17:58:47,138 [INFO] Cycle executed: Running plugins
2025-12-10 17:58:48,139 [INFO] Cycle executed: Running plugins
2025-12-10 17:58:48,139 [INFO] Veritas says: Task 'Running plugins' executed successfully
2025-12-10 17:58:48,140 [INFO] Memory DB saved
2025-12-10 17:58:49,141 [INFO] Cycle executed: Analyzing data
2025-12-10 17:58:50,143 [INFO] Cycle executed: Analyzing data
2025-12-10 17:58:51,144 [INFO] Cycle executed: Running plugins
2025-12-10 17:58:52,145 [INFO] Cycle executed: Analyzing data
2025-12-10 17:58:53,148 [INFO] Cycle executed: Checking APIs
2025-12-10 17:58:54,150 [INFO] Cycle executed: Analyzing data
2025-12-10 17:58:55,152 [INFO] Cycle executed: Fetching files
2025-12-10 17:58:56,155 [INFO] Cycle executed: Fetching files
2025-12-10 17:58:57,157 [INFO] Cycle executed: Running plugins
2025-12-10 17:58:57,158 [INFO] Veritas says: Task 'Running plugins' executed successfully
2025-12-10 17:58:58,159 [INFO] Cycle executed: Analyzing data
2025-12-10 17:58:58,160 [INFO] Veritas says: Task 'Analyzing data' executed successfully
2025-12-10 17:58:59,161 [INFO] Cycle executed: Checking APIs
2025-12-10 17:59:00,163 [INFO] Cycle executed: Running plugins
2025-12-10 17:59:00,164 [INFO] Memory DB saved
2025-12-10 17:59:01,164 [INFO] Cycle executed: Fetching files
2025-12-10 17:59:02,165 [INFO] Cycle executed: Fetching files
2025-12-10 17:59:03,167 [INFO] Cycle executed: Running plugins
2025-12-10 17:59:03,168 [INFO] Veritas says: Task 'Running plugins' executed successfully
2025-12-10 17:59:04,169 [INFO] Cycle executed: Running plugins
2025-12-10 17:59:04,169 [INFO] Veritas says: Task 'Running plugins' executed successfully
2025-12-10 17:59:05,171 [INFO] Cycle executed: Analyzing data
2025-12-10 17:59:06,173 [INFO] Cycle executed: Checking APIs
2025-12-10 17:59:07,175 [INFO] Cycle executed: Analyzing data
2025-12-10 17:59:07,176 [INFO] Veritas says: Task 'Analyzing data' executed successfully
2025-12-10 17:59:08,178 [INFO] Cycle executed: Analyzing data
2025-12-10 17:59:09,180 [INFO] Cycle executed: Analyzing data
2025-12-10 17:59:10,182 [INFO] Cycle executed: Checking APIs
2025-12-10 17:59:10,183 [INFO] Veritas says: Task 'Checking APIs' executed successfully
2025-12-10 17:59:11,185 [INFO] Cycle executed: Analyzing data
2025-12-10 17:59:12,188 [INFO] Cycle executed: Analyzing data
2025-12-10 17:59:13,189 [INFO] Cycle executed: Checking APIs
2025-12-10 17:59:14,190 [INFO] Cycle executed: Analyzing data
2025-12-10 17:59:14,192 [INFO] Veritas says: Task 'Analyzing data' executed successfully
2025-12-10 17:59:15,194 [INFO] Cycle executed: Checking APIs
2025-12-10 17:59:16,197 [INFO] Cycle executed: Analyzing data
2025-12-10 17:59:17,199 [INFO] Cycle executed: Running plugins
2025-12-10 17:59:18,200 [INFO] Cycle executed: Fetching files
2025-12-10 17:59:18,201 [INFO] Veritas says: Task 'Fetching files' executed successfully
2025-12-10 17:59:19,202 [INFO] Cycle executed: Analyzing data
2025-12-10 17:59:19,203 [INFO] Veritas says: Task 'Analyzing data' executed successfully
2025-12-10 17:59:20,204 [INFO] Cycle executed: Checking APIs
2025-12-10 17:59:21,206 [INFO] Cycle executed: Checking APIs
2025-12-10 17:59:21,207 [INFO] Veritas says: Task 'Checking APIs' executed successfully
2025-12-10 17:59:22,209 [INFO] Cycle executed: Checking APIs
2025-12-10 17:59:23,211 [INFO] Cycle executed: Running plugins
2025-12-10 17:59:24,213 [INFO] Cycle executed: Fetching files
2025-12-10 17:59:25,215 [INFO] Cycle executed: Checking APIs
2025-12-10 17:59:25,216 [INFO] Veritas says: Task 'Checking APIs' executed successfully
2025-12-10 17:59:26,218 [INFO] Cycle executed: Running plugins
2025-12-10 17:59:27,220 [INFO] Cycle executed: Running plugins
2025-12-10 17:59:27,221 [INFO] Veritas says: Task 'Running plugins' executed successfully
2025-12-10 17:59:28,224 [INFO] Cycle executed: Fetching files
2025-12-10 17:59:28,225 [INFO] Veritas says: Task 'Fetching files' executed successfully
2025-12-10 17:59:29,226 [INFO] Cycle executed: Fetching files
2025-12-10 17:59:30,228 [INFO] Cycle executed: Checking APIs
2025-12-10 17:59:30,229 [INFO] Veritas says: Task 'Checking APIs' executed successfully
2025-12-10 17:59:31,231 [INFO] Cycle executed: Analyzing data
2025-12-10 17:59:32,233 [INFO] Cycle executed: Checking APIs
2025-12-10 17:59:32,233 [INFO] Veritas says: Task 'Checking APIs' executed successfully
2025-12-10 17:59:33,235 [INFO] Cycle executed: Fetching files
2025-12-10 17:59:33,238 [INFO] Memory DB saved
2025-12-10 17:59:34,239 [INFO] Cycle executed: Checking APIs
2025-12-10 17:59:34,240 [INFO] Veritas says: Task 'Checking APIs' executed successfully
2025-12-10 17:59:35,242 [INFO] Cycle executed: Analyzing data
2025-12-10 17:59:36,243 [INFO] Cycle executed: Analyzing data
2025-12-10 17:59:37,244 [INFO] Cycle executed: Analyzing data
2025-12-10 17:59:37,245 [INFO] Veritas says: Task 'Analyzing data' executed successfully
2025-12-10 17:59:38,246 [INFO] Cycle executed: Fetching files
2025-12-10 17:59:39,247 [INFO] Cycle executed: Checking APIs
2025-12-10 17:59:40,249 [INFO] Cycle executed: Running plugins
2025-12-10 17:59:41,251 [INFO] Cycle executed: Running plugins
2025-12-10 17:59:42,253 [INFO] Cycle executed: Running plugins
2025-12-10 17:59:43,254 [INFO] Cycle executed: Analyzing data
2025-12-10 17:59:43,255 [INFO] Veritas says: Task 'Analyzing data' executed successfully
2025-12-10 17:59:44,256 [INFO] Cycle executed: Running plugins
2025-12-10 17:59:44,256 [INFO] Veritas says: Task 'Running plugins' executed successfully
2025-12-10 17:59:45,258 [INFO] Cycle executed: Fetching files
2025-12-10 17:59:46,260 [INFO] Cycle executed: Checking APIs
2025-12-10 17:59:46,260 [INFO] Veritas says: Task 'Checking APIs' executed successfully
2025-12-10 17:59:47,261 [INFO] Cycle executed: Fetching files
2025-12-10 17:59:48,263 [INFO] Cycle executed: Running plugins
2025-12-10 17:59:48,263 [INFO] Veritas says: Task 'Running plugins' executed successfully
2025-12-10 17:59:49,265 [INFO] Cycle executed: Analyzing data
2025-12-10 17:59:50,267 [INFO] Cycle executed: Analyzing data
2025-12-10 17:59:51,269 [INFO] Cycle executed: Analyzing data
2025-12-10 17:59:52,270 [INFO] Cycle executed: Checking APIs
2025-12-10 17:59:52,270 [INFO] Veritas says: Task 'Checking APIs' executed successfully
2025-12-10 17:59:53,271 [INFO] Cycle executed: Checking APIs
2025-12-10 17:59:53,272 [INFO] Veritas says: Task 'Checking APIs' executed successfully
2025-12-10 17:59:53,273 [INFO] Memory DB saved
2025-12-10 17:59:54,273 [INFO] Cycle executed: Analyzing data
2025-12-10 17:59:54,274 [INFO] Veritas says: Task 'Analyzing data' executed successfully
2025-12-10 17:59:55,275 [INFO] Cycle executed: Running plugins
2025-12-10 17:59:56,276 [INFO] Cycle executed: Checking APIs
2025-12-10 17:59:56,276 [INFO] Veritas says: Task 'Checking APIs' executed successfully
2025-12-10 17:59:57,278 [INFO] Cycle executed: Analyzing data
2025-12-10 17:59:58,280 [INFO] Cycle executed: Analyzing data
2025-12-10 17:59:59,282 [INFO] Cycle executed: Fetching files
2025-12-10 18:00:00,283 [INFO] Cycle executed: Fetching files
2025-12-10 18:00:01,284 [INFO] Cycle executed: Running plugins
2025-12-10 18:00:01,285 [INFO] Memory DB saved
2025-12-10 18:00:02,286 [INFO] Cycle executed: Running plugins
2025-12-10 18:00:02,288 [INFO] Memory DB saved
2025-12-10 18:00:03,289 [INFO] Cycle executed: Fetching files
2025-12-10 18:00:03,289 [INFO] Veritas says: Task 'Fetching files' executed successfully
2025-12-10 18:00:03,290 [INFO] Memory DB saved
2025-12-10 18:00:04,291 [INFO] Cycle executed: Analyzing data
2025-12-10 18:00:04,291 [INFO] Veritas says: Task 'Analyzing data' executed successfully
2025-12-10 18:00:05,292 [INFO] Cycle executed: Fetching files
2025-12-10 18:00:06,293 [INFO] Cycle executed: Running plugins
2025-12-10 18:00:06,293 [INFO] Veritas says: Task 'Running plugins' executed successfully
2025-12-10 18:00:07,294 [INFO] Cycle executed: Analyzing data
2025-12-10 18:00:07,296 [INFO] Memory DB saved
2025-12-10 18:00:08,297 [INFO] Cycle executed: Analyzing data
2025-12-10 18:00:09,297 [INFO] Cycle executed: Running plugins
2025-12-10 18:00:09,298 [INFO] Veritas says: Task 'Running plugins' executed successfully
2025-12-10 18:00:10,299 [INFO] Cycle executed: Checking APIs
2025-12-10 18:00:11,299 [INFO] Cycle executed: Checking APIs
2025-12-10 18:00:11,948 [INFO] Manual override triggered. Shutting down...
2025-12-10 18:00:11,948 [INFO] ReeseMirrorAI has stopped safely.
2025-12-10 18:00:11,948 [INFO] Memory DB saved
2025-12-10 18:00:56,680 [INFO] Initializing ReeseMirrorAI...
2025-12-10 18:00:56,680 [INFO] Loading model...
2025-12-10 18:00:56,680 [INFO] Loading memory database...
2025-12-10 18:00:56,681 [INFO] Loading API keys...
2025-12-10 18:00:56,681 [INFO] Initializing Veritas Reese voice module...
2025-12-10 18:07:17,044 [INFO] Initializing ReeseMirrorAI...
2025-12-10 18:07:17,045 [INFO] Loading model...
2025-12-10 18:07:17,045 [INFO] Loading memory database...
2025-12-10 18:07:17,045 [INFO] Loading API keys...
2025-12-10 18:07:17,045 [INFO] Initializing Veritas Reese voice module...
2025-12-10 18:07:17,046 [INFO] ReeseMirrorAI combined stub initialization complete.
2025-12-10 18:08:42,113 [INFO] Starting main loop...
2025-12-10 18:08:42,117 [INFO] Running cycle 1
2025-12-10 18:08:48,639 [ERROR] Unexpected error: module 'core.model' has no attribute 'save_memory'
Traceback (most recent call last):
  File "/data/data/com.termux/files/home/shadowx_installed/main.py", line 71, in main_loop
    model.save_memory("core/memory.db", orchestrator.memory)
    ^^^^^^^^^^^^^^^^^
AttributeError: module 'core.model' has no attribute 'save_memory'. Did you mean: 'load_memory'?
2025-12-10 18:08:48,671 [INFO] ReeseMirrorAI has stopped safely.
2025-12-10 18:10:13,695 [INFO] Initializing ReeseMirrorAI...
2025-12-10 18:10:13,695 [INFO] Loading model...
2025-12-10 18:10:13,696 [INFO] Loading memory database...
2025-12-10 18:10:13,696 [INFO] Loading API keys...
2025-12-10 18:10:13,696 [INFO] Initializing Veritas Reese voice module...
2025-12-10 18:10:13,696 [INFO] ReeseMirrorAI combined stub initialization complete.
2025-12-10 18:10:44,919 [INFO] Starting main loop...
2025-12-10 18:10:44,929 [INFO] Running cycle 1
2025-12-10 18:10:48,210 [ERROR] Unexpected error: module 'core.model' has no attribute 'save_memory'
Traceback (most recent call last):
  File "/data/data/com.termux/files/home/shadowx_installed/main.py", line 71, in main_loop
    model.save_memory("core/memory.db", orchestrator.memory)
    ^^^^^^^^^^^^^^^^^
AttributeError: module 'core.model' has no attribute 'save_memory'. Did you mean: 'load_memory'?
2025-12-10 18:10:48,243 [INFO] ReeseMirrorAI has stopped safely.
2025-12-10 18:10:53,106 [INFO] Initializing ReeseMirrorAI...
2025-12-10 18:10:53,106 [INFO] Loading model...
2025-12-10 18:10:53,107 [INFO] Loading memory database...
2025-12-10 18:10:53,107 [INFO] Loading API keys...
2025-12-10 18:10:53,107 [INFO] Initializing Veritas Reese voice module...
2025-12-10 18:10:53,107 [INFO] ReeseMirrorAI combined stub initialization complete.
2025-12-10 18:11:58,988 [INFO] Starting main loop...
2025-12-10 18:11:58,994 [INFO] Running cycle 1
2025-12-10 18:12:00,927 [ERROR] Unexpected error: module 'core.model' has no attribute 'save_memory'
Traceback (most recent call last):
  File "/data/data/com.termux/files/home/shadowx_installed/main.py", line 71, in main_loop
    model.save_memory("core/memory.db", orchestrator.memory)
    ^^^^^^^^^^^^^^^^^
AttributeError: module 'core.model' has no attribute 'save_memory'. Did you mean: 'load_memory'?
2025-12-10 18:12:00,953 [INFO] ReeseMirrorAI has stopped safely.
2025-12-10 18:12:17,104 [INFO] Initializing ReeseMirrorAI...
2025-12-10 18:12:17,105 [INFO] Loading model...
2025-12-10 18:12:17,105 [INFO] Loading memory database...
2025-12-10 18:12:17,105 [INFO] Loading API keys...
2025-12-10 18:12:17,105 [INFO] Initializing Veritas Reese voice module...
2025-12-10 18:12:17,105 [INFO] ReeseMirrorAI combined stub initialization complete.
2025-12-10 18:14:21,845 [INFO] Starting main loop...
2025-12-10 18:14:21,852 [INFO] Running cycle: 1
2025-12-10 18:14:21,854 [ERROR] Unexpected error: module 'perception.web_fetcher' has no attribute 'fetch'
Traceback (most recent call last):
  File "/data/data/com.termux/files/home/shadowx_installed/main.py", line 67, in main_loop
    fetched_files = web_fetcher.fetch()
                    ^^^^^^^^^^^^^^^^^
AttributeError: module 'perception.web_fetcher' has no attribute 'fetch'
2025-12-10 18:14:21,876 [INFO] ReeseMirrorAI has stopped safely.
2025-12-10 18:14:39,384 [INFO] Initializing ReeseMirrorAI...
2025-12-10 18:14:39,385 [INFO] Loading model...
2025-12-10 18:14:39,385 [INFO] Loading memory database...
2025-12-10 18:14:39,385 [INFO] Loading API keys...
2025-12-10 18:14:39,385 [INFO] Initializing Veritas Reese voice module...
2025-12-10 18:14:39,385 [INFO] ReeseMirrorAI combined stub initialization complete.
2025-12-10 18:14:47,355 [INFO] Starting main loop...
2025-12-10 18:14:47,356 [INFO] Running cycle: 1
2025-12-10 18:14:47,356 [ERROR] Unexpected error: module 'perception.web_fetcher' has no attribute 'fetch'
Traceback (most recent call last):
  File "/data/data/com.termux/files/home/shadowx_installed/main.py", line 64, in main_loop
    fetched_files = web_fetcher.fetch()
                    ^^^^^^^^^^^^^^^^^
AttributeError: module 'perception.web_fetcher' has no attribute 'fetch'
2025-12-10 18:14:47,376 [INFO] ReeseMirrorAI has stopped safely.
2025-12-10 18:16:17,786 [INFO] Initializing ReeseMirrorAI...
2025-12-10 18:16:17,787 [INFO] Loading model...
2025-12-10 18:16:17,787 [INFO] Loading memory database...
2025-12-10 18:16:17,787 [INFO] Loading API keys...
2025-12-10 18:17:01,111 [INFO] Initializing ReeseMirrorAI...
2025-12-10 18:17:01,112 [INFO] Loading model...
2025-12-10 18:17:01,112 [INFO] Loading memory database...
2025-12-10 18:17:01,112 [INFO] Loading API keys...
2025-12-10 18:17:01,112 [INFO] Loading user settings...
2025-12-10 18:17:01,112 [INFO] Initializing Veritas Reese voice module...
2025-12-10 18:17:01,113 [INFO] ReeseMirrorAI combined stub initialization complete.
2025-12-10 18:18:33,280 [INFO] Starting main loop...
2025-12-10 18:18:33,281 [INFO] Running cycle: 1
2025-12-10 18:18:33,281 [ERROR] Unexpected error: module 'perception.web_fetcher' has no attribute 'fetch'
Traceback (most recent call last):
  File "/data/data/com.termux/files/home/shadowx_installed/main.py", line 55, in main_loop
    fetched_files = web_fetcher.fetch()
                    ^^^^^^^^^^^^^^^^^
AttributeError: module 'perception.web_fetcher' has no attribute 'fetch'
2025-12-10 18:18:33,291 [INFO] ReeseMirrorAI has stopped safely.
2025-12-10 18:18:55,719 [INFO] Initializing ReeseMirrorAI...
2025-12-10 18:18:55,719 [INFO] ReeseMirrorAI initialization complete.
2025-12-10 18:18:55,720 [INFO] Starting main loop...
2025-12-10 18:18:56,220 [INFO] Veritas Reese: Fetched 2 files
2025-12-10 18:18:56,220 [INFO] Veritas Reese: Checked API example_api, success: True
2025-12-10 18:20:10,223 [INFO] Manual override triggered. Shutting down...
2025-12-10 18:20:10,225 [INFO] ReeseMirrorAI has stopped safely.
2025-12-10 18:20:28,272 [INFO] Initializing ReeseMirrorAI...
2025-12-10 18:20:28,272 [INFO] ReeseMirrorAI initialization complete.
2025-12-10 18:20:28,272 [INFO] Starting main loop...
2025-12-10 18:20:28,773 [INFO] Veritas Reese: Fetched 2 files
2025-12-10 18:20:28,774 [INFO] Veritas Reese: Checked API example_api, success: True
2025-12-10 18:21:01,133 [INFO] Veritas Reese: Fetched 2 files
2025-12-10 18:21:01,133 [INFO] Veritas Reese: Checked API example_api, success: True
2025-12-10 18:22:05,866 [INFO] Veritas Reese: Fetched 2 files
2025-12-10 18:22:05,870 [INFO] Veritas Reese: Checked API example_api, success: True
2025-12-10 18:23:03,070 [INFO] Veritas Reese: Fetched 2 files
2025-12-10 18:23:03,075 [INFO] Veritas Reese: Checked API example_api, success: True
2025-12-10 18:24:44,989 [INFO] Manual override triggered. Shutting down...
2025-12-10 18:24:44,992 [INFO] ReeseMirrorAI has stopped safely.
2025-12-10 19:19:41,350 [INFO] Initializing ReeseMirrorAI...
2025-12-10 19:19:41,350 [INFO] ReeseMirrorAI initialization complete.
2025-12-10 19:19:41,351 [INFO] Starting main loop...
2025-12-10 19:19:41,852 [INFO] Veritas Reese: Fetched 2 files
2025-12-10 19:19:41,852 [INFO] Veritas Reese: Checked API example_api, success: True
2025-12-10 19:20:14,032 [INFO] Veritas Reese: Fetched 2 files
2025-12-10 19:20:14,032 [INFO] Veritas Reese: Checked API example_api, success: True
2025-12-10 19:20:29,178 [INFO] Veritas Reese: Fetched 2 files
2025-12-10 19:20:29,179 [INFO] Veritas Reese: Checked API example_api, success: True
2025-12-10 19:21:07,378 [INFO] Veritas Reese: Fetched 2 files
2025-12-10 19:21:07,381 [INFO] Veritas Reese: Checked API example_api, success: True
2025-12-10 19:23:42,171 [INFO] Veritas Reese: Fetched 2 files
2025-12-10 19:23:42,174 [INFO] Veritas Reese: Checked API example_api, success: True
2025-12-10 19:24:18,855 [INFO] Veritas Reese: Fetched 2 files
2025-12-10 19:24:18,856 [INFO] Veritas Reese: Checked API example_api, success: True
2025-12-10 19:26:06,049 [INFO] Veritas Reese: Fetched 2 files
2025-12-10 19:26:06,064 [INFO] Veritas Reese: Checked API example_api, success: True
2025-12-10 19:27:50,145 [INFO] Veritas Reese: Fetched 2 files
2025-12-10 19:27:50,147 [INFO] Veritas Reese: Checked API example_api, success: True
2025-12-10 19:28:03,571 [INFO] ReeseMirrorAI has stopped safely.
2025-12-10 19:28:54,055 [INFO] Initializing ReeseMirrorAI...
2025-12-10 19:28:54,056 [INFO] ReeseMirrorAI initialization complete.
2025-12-10 19:28:54,057 [INFO] Starting main loop...
2025-12-10 19:28:54,557 [INFO] Veritas Reese: Fetched 2 files
2025-12-10 19:28:54,557 [INFO] Veritas Reese: Checked API example_api, success: True
2025-12-10 19:29:11,681 [INFO] Veritas Reese: Fetched 2 files
2025-12-10 19:29:11,682 [INFO] Veritas Reese: Checked API example_api, success: True
2025-12-10 19:30:23,392 [INFO] Veritas Reese: Fetched 2 files
2025-12-10 19:30:23,395 [INFO] Veritas Reese: Checked API example_api, success: True
2025-12-10 19:30:27,661 [INFO] ReeseMirrorAI has stopped safely.
